WARNING:tensorflow:From /home/neal/anaconda3/envs/hai-sc/lib/python3.6/site-packages/tensorflow/python/compat/v2_compat.py:96: disable_resource_variables (from tensorflow.python.ops.variable_scope) is deprecated and will be removed in a future version.
Instructions for updating:
non-resource variables are not supported in the long term
W0719 19:31:31.417236 140348952696640 deprecation.py:323] From /home/neal/anaconda3/envs/hai-sc/lib/python3.6/site-packages/tensorflow/python/compat/v2_compat.py:96: disable_resource_variables (from tensorflow.python.ops.variable_scope) is deprecated and will be removed in a future version.
Instructions for updating:
non-resource variables are not supported in the long term
WARNING:tensorflow:From /home/neal/anaconda3/envs/hai-sc/lib/python3.6/site-packages/tensorflow/python/keras/initializers.py:119: calling RandomUniform.__init__ (from tensorflow.python.ops.init_ops) with dtype is deprecated and will be removed in a future version.
Instructions for updating:
Call initializer instance with the dtype argument instead of passing it to the constructor
W0719 19:31:31.751370 140348952696640 deprecation.py:506] From /home/neal/anaconda3/envs/hai-sc/lib/python3.6/site-packages/tensorflow/python/keras/initializers.py:119: calling RandomUniform.__init__ (from tensorflow.python.ops.init_ops) with dtype is deprecated and will be removed in a future version.
Instructions for updating:
Call initializer instance with the dtype argument instead of passing it to the constructor
WARNING:tensorflow:From /home/neal/anaconda3/envs/hai-sc/lib/python3.6/site-packages/tensorflow/python/ops/resource_variable_ops.py:1666: calling BaseResourceVariable.__init__ (from tensorflow.python.ops.resource_variable_ops) with constraint is deprecated and will be removed in a future version.
Instructions for updating:
If using Keras pass *_constraint arguments to layers.
W0719 19:31:31.768014 140348952696640 deprecation.py:506] From /home/neal/anaconda3/envs/hai-sc/lib/python3.6/site-packages/tensorflow/python/ops/resource_variable_ops.py:1666: calling BaseResourceVariable.__init__ (from tensorflow.python.ops.resource_variable_ops) with constraint is deprecated and will be removed in a future version.
Instructions for updating:
If using Keras pass *_constraint arguments to layers.
Traceback (most recent call last):
  File "/home/neal/anaconda3/envs/hai-sc/lib/python3.6/site-packages/tensorflow/python/framework/ops.py", line 2328, in get_attr
    pywrap_tf_session.TF_OperationGetAttrValueProto(self._c_op, name, buf)
tensorflow.python.framework.errors_impl.InvalidArgumentError: Operation 'MoveToBeacon_a2c/MoveToBeacon_a2c_Categorical_6/entropy/Max' has no attr named '_XlaCompile'.

During handling of the above exception, another exception occurred:

Traceback (most recent call last):
  File "/home/neal/anaconda3/envs/hai-sc/lib/python3.6/site-packages/tensorflow/python/ops/gradients_util.py", line 331, in _MaybeCompile
    xla_compile = op.get_attr("_XlaCompile")
  File "/home/neal/anaconda3/envs/hai-sc/lib/python3.6/site-packages/tensorflow/python/framework/ops.py", line 2332, in get_attr
    raise ValueError(str(e))
ValueError: Operation 'MoveToBeacon_a2c/MoveToBeacon_a2c_Categorical_6/entropy/Max' has no attr named '_XlaCompile'.

During handling of the above exception, another exception occurred:

Traceback (most recent call last):
  File "/home/neal/anaconda3/envs/hai-sc/lib/python3.6/runpy.py", line 193, in _run_module_as_main
    "__main__", mod_spec)
  File "/home/neal/anaconda3/envs/hai-sc/lib/python3.6/runpy.py", line 85, in _run_code
    exec(code, run_globals)
  File "/home/neal/Desktop/MedicalComputingLab/AI-Warriors/HAI-SC/reaver/reaver/run.py", line 154, in <module>
    app.run(main)
  File "/home/neal/anaconda3/envs/hai-sc/lib/python3.6/site-packages/absl/app.py", line 299, in run
    _run_main(main, args)
  File "/home/neal/anaconda3/envs/hai-sc/lib/python3.6/site-packages/absl/app.py", line 250, in _run_main
    sys.exit(main(argv))
  File "/home/neal/Desktop/MedicalComputingLab/AI-Warriors/HAI-SC/reaver/reaver/run.py", line 139, in main
    env.obs_spec(), env.act_spec(), sess_mgr=sess_mgr, n_envs=args.n_envs, subagents_dir=args.subagents_dir)
  File "/home/neal/anaconda3/envs/hai-sc/lib/python3.6/site-packages/gin/config.py", line 1055, in gin_wrapper
    return fn(*new_args, **new_kwargs)
  File "/home/neal/Desktop/MedicalComputingLab/AI-Warriors/HAI-SC/reaver/reaver/agents/a2c.py", line 47, in __init__
    self, obs_spec, act_spec, sess_mgr=sess_mgr, **kwargs)
  File "/home/neal/anaconda3/envs/hai-sc/lib/python3.6/site-packages/gin/config.py", line 1055, in gin_wrapper
    return fn(*new_args, **new_kwargs)
  File "/home/neal/Desktop/MedicalComputingLab/AI-Warriors/HAI-SC/reaver/reaver/agents/base/actor_critic.py", line 92, in __init__
    grads, vars = zip(*optimizer.compute_gradients(self.loss_op))
  File "/home/neal/anaconda3/envs/hai-sc/lib/python3.6/site-packages/tensorflow/python/training/optimizer.py", line 512, in compute_gradients
    colocate_gradients_with_ops=colocate_gradients_with_ops)
  File "/home/neal/anaconda3/envs/hai-sc/lib/python3.6/site-packages/tensorflow/python/ops/gradients_impl.py", line 172, in gradients
    unconnected_gradients)
  File "/home/neal/anaconda3/envs/hai-sc/lib/python3.6/site-packages/tensorflow/python/ops/gradients_util.py", line 669, in _GradientsHelper
    lambda: grad_fn(op, *out_grads))
  File "/home/neal/anaconda3/envs/hai-sc/lib/python3.6/site-packages/tensorflow/python/ops/gradients_util.py", line 336, in _MaybeCompile
    return grad_fn()  # Exit early
  File "/home/neal/anaconda3/envs/hai-sc/lib/python3.6/site-packages/tensorflow/python/ops/gradients_util.py", line 669, in <lambda>
    lambda: grad_fn(op, *out_grads))
  File "/home/neal/anaconda3/envs/hai-sc/lib/python3.6/site-packages/tensorflow/python/ops/math_grad.py", line 241, in _MaxGrad
    return _MinOrMaxGrad(op, grad)
  File "/home/neal/anaconda3/envs/hai-sc/lib/python3.6/site-packages/tensorflow/python/ops/math_grad.py", line 219, in _MinOrMaxGrad
    input_shape = array_ops.shape(op.inputs[0])
  File "/home/neal/anaconda3/envs/hai-sc/lib/python3.6/site-packages/tensorflow/python/ops/array_ops.py", line 602, in shape
    return shape_internal(input, name, optimize=True, out_type=out_type)
  File "/home/neal/anaconda3/envs/hai-sc/lib/python3.6/site-packages/tensorflow/python/ops/array_ops.py", line 630, in shape_internal
    return gen_array_ops.shape(input, name=name, out_type=out_type)
  File "/home/neal/anaconda3/envs/hai-sc/lib/python3.6/site-packages/tensorflow/python/ops/gen_array_ops.py", line 8878, in shape
    "Shape", input=input, out_type=out_type, name=name)
  File "/home/neal/anaconda3/envs/hai-sc/lib/python3.6/site-packages/tensorflow/python/framework/op_def_library.py", line 744, in _apply_op_helper
    attrs=attr_protos, op_def=op_def)
  File "/home/neal/anaconda3/envs/hai-sc/lib/python3.6/site-packages/tensorflow/python/framework/ops.py", line 3328, in _create_op_internal
    self._create_op_helper(ret, compute_device=compute_device)
  File "/home/neal/anaconda3/envs/hai-sc/lib/python3.6/site-packages/tensorflow/python/framework/ops.py", line 3383, in _create_op_helper
    kernel_label = self._op_to_kernel_label_map[op.type]
  File "/home/neal/anaconda3/envs/hai-sc/lib/python3.6/site-packages/tensorflow/python/framework/ops.py", line 2221, in type
    return pywrap_tf_session.TF_OperationOpType(self._c_op)
KeyboardInterrupt
